<?xml version="1.0" encoding="UTF-8"?>
<testng-results ignored="0" total="4" passed="3" failed="1" skipped="0">
  <reporter-output>
  </reporter-output>
  <suite started-at="2024-02-20T11:15:33 WEST" name="Default suite" finished-at="2024-02-20T11:16:20 WEST" duration-ms="46511">
    <groups>
    </groups>
    <test started-at="2024-02-20T11:15:33 WEST" name="Default test" finished-at="2024-02-20T11:16:20 WEST" duration-ms="46511">
      <class name="registerTesting.RegisterTestCase">
        <test-method is-config="true" signature="openBrowser(java.lang.String)[pri:0, instance:registerTesting.RegisterTestCase@2d3379b4]" started-at="2024-02-20T11:15:33 WEST" name="openBrowser" finished-at="2024-02-20T11:15:37 WEST" duration-ms="4174" status="PASS">
          <params>
            <param index="0">
              <value>
                <![CDATA[chrome]]>
              </value>
            </param>
          </params>
          <reporter-output>
          </reporter-output>
        </test-method> <!-- openBrowser -->
        <test-method signature="registerUser(java.lang.String,java.lang.String,java.lang.String,java.lang.String,java.lang.String,java.lang.String,java.lang.String,java.lang.String)[pri:0, instance:registerTesting.RegisterTestCase@2d3379b4]" started-at="2024-02-20T11:15:38 WEST" name="registerUser" data-provider="test_data" finished-at="2024-02-20T11:15:42 WEST" duration-ms="4012" status="PASS">
          <params>
            <param index="0">
              <value>
                <![CDATA[lay]]>
              </value>
            </param>
            <param index="1">
              <value>
                <![CDATA[jamel@fss.com]]>
              </value>
            </param>
            <param index="2">
              <value>
                <![CDATA[dominique]]>
              </value>
            </param>
            <param index="3">
              <value>
                <![CDATA[1234.0]]>
              </value>
            </param>
            <param index="4">
              <value>
                <![CDATA[john]]>
              </value>
            </param>
            <param index="5">
              <value>
                <![CDATA[doe]]>
              </value>
            </param>
            <param index="6">
              <value>
                <![CDATA[001 - GM]]>
              </value>
            </param>
            <param index="7">
              <value>
                <![CDATA[1234.0]]>
              </value>
            </param>
          </params>
          <reporter-output>
          </reporter-output>
        </test-method> <!-- registerUser -->
        <test-method signature="registerUser(java.lang.String,java.lang.String,java.lang.String,java.lang.String,java.lang.String,java.lang.String,java.lang.String,java.lang.String)[pri:0, instance:registerTesting.RegisterTestCase@2d3379b4]" started-at="2024-02-20T11:15:42 WEST" name="registerUser" data-provider="test_data" finished-at="2024-02-20T11:15:46 WEST" duration-ms="4084" status="PASS">
          <params>
            <param index="0">
              <value>
                <![CDATA[tey]]>
              </value>
            </param>
            <param index="1">
              <value>
                <![CDATA[wiss1x2@x.com]]>
              </value>
            </param>
            <param index="2">
              <value>
                <![CDATA[dominique]]>
              </value>
            </param>
            <param index="3">
              <value>
                <![CDATA[123X]]>
              </value>
            </param>
            <param index="4">
              <value>
                <![CDATA[john]]>
              </value>
            </param>
            <param index="5">
              <value>
                <![CDATA[doe]]>
              </value>
            </param>
            <param index="6">
              <value>
                <![CDATA[001 - GM]]>
              </value>
            </param>
            <param index="7">
              <value>
                <![CDATA[1234.0]]>
              </value>
            </param>
          </params>
          <reporter-output>
          </reporter-output>
        </test-method> <!-- registerUser -->
        <test-method signature="registerUser(java.lang.String,java.lang.String,java.lang.String,java.lang.String,java.lang.String,java.lang.String,java.lang.String,java.lang.String)[pri:0, instance:registerTesting.RegisterTestCase@2d3379b4]" started-at="2024-02-20T11:15:46 WEST" name="registerUser" data-provider="test_data" finished-at="2024-02-20T11:15:50 WEST" duration-ms="3648" status="PASS">
          <params>
            <param index="0">
              <value>
                <![CDATA[hey]]>
              </value>
            </param>
            <param index="1">
              <value>
                <![CDATA[wiss2@x.com]]>
              </value>
            </param>
            <param index="2">
              <value>
                <![CDATA[dominique]]>
              </value>
            </param>
            <param index="3">
              <value>
                <![CDATA[123XX]]>
              </value>
            </param>
            <param index="4">
              <value>
                <![CDATA[john]]>
              </value>
            </param>
            <param index="5">
              <value>
                <![CDATA[doe]]>
              </value>
            </param>
            <param index="6">
              <value>
                <![CDATA[001 - GM]]>
              </value>
            </param>
            <param index="7">
              <value>
                <![CDATA[1234.0]]>
              </value>
            </param>
          </params>
          <reporter-output>
          </reporter-output>
        </test-method> <!-- registerUser -->
        <test-method signature="verifyAccountCreation()[pri:0, instance:registerTesting.RegisterTestCase@2d3379b4]" started-at="2024-02-20T11:15:50 WEST" name="verifyAccountCreation" finished-at="2024-02-20T11:16:20 WEST" depends-on-methods="registerTesting.RegisterTestCase.registerUser" duration-ms="30008" status="FAIL">
          <exception class="org.openqa.selenium.TimeoutException">
            <message>
              <![CDATA[Expected condition failed: waiting for visibility of element located by By.xpath: //h2[@data-qa='account-created'] (tried for 30 second(s) with 500 milliseconds interval)
Build info: version: '4.17.0', revision: 'e52b1be057*'
System info: os.name: 'Windows 10', os.arch: 'amd64', os.version: '10.0', java.version: '20.0.1'
Driver info: org.openqa.selenium.chrome.ChromeDriver
Capabilities {acceptInsecureCerts: false, browserName: chrome, browserVersion: 121.0.6167.185, chrome: {chromedriverVersion: 121.0.6167.85 (3f98d690ad7e..., userDataDir: C:\WINDOWS\SystemTemp\scope...}, fedcm:accounts: true, goog:chromeOptions: {debuggerAddress: localhost:51588}, networkConnectionEnabled: false, pageLoadStrategy: normal, platformName: windows, proxy: Proxy(), se:cdp: ws://localhost:51588/devtoo..., se:cdpVersion: 121.0.6167.185, setWindowRect: true, strictFileInteractability: false, timeouts: {implicit: 0, pageLoad: 300000, script: 30000}, unhandledPromptBehavior: dismiss and notify, webauthn:extension:credBlob: true, webauthn:extension:largeBlob: true, webauthn:extension:minPinLength: true, webauthn:extension:prf: true, webauthn:virtualAuthenticators: true}
Session ID: 0c37b59437960be624ed0e14b69aabfd]]>
            </message>
            <full-stacktrace>
              <![CDATA[org.openqa.selenium.TimeoutException: Expected condition failed: waiting for visibility of element located by By.xpath: //h2[@data-qa='account-created'] (tried for 30 second(s) with 500 milliseconds interval)
Build info: version: '4.17.0', revision: 'e52b1be057*'
System info: os.name: 'Windows 10', os.arch: 'amd64', os.version: '10.0', java.version: '20.0.1'
Driver info: org.openqa.selenium.chrome.ChromeDriver
Capabilities {acceptInsecureCerts: false, browserName: chrome, browserVersion: 121.0.6167.185, chrome: {chromedriverVersion: 121.0.6167.85 (3f98d690ad7e..., userDataDir: C:\WINDOWS\SystemTemp\scope...}, fedcm:accounts: true, goog:chromeOptions: {debuggerAddress: localhost:51588}, networkConnectionEnabled: false, pageLoadStrategy: normal, platformName: windows, proxy: Proxy(), se:cdp: ws://localhost:51588/devtoo..., se:cdpVersion: 121.0.6167.185, setWindowRect: true, strictFileInteractability: false, timeouts: {implicit: 0, pageLoad: 300000, script: 30000}, unhandledPromptBehavior: dismiss and notify, webauthn:extension:credBlob: true, webauthn:extension:largeBlob: true, webauthn:extension:minPinLength: true, webauthn:extension:prf: true, webauthn:virtualAuthenticators: true}
Session ID: 0c37b59437960be624ed0e14b69aabfd
at org.openqa.selenium.support.ui.WebDriverWait.timeoutException(WebDriverWait.java:84)
at org.openqa.selenium.support.ui.FluentWait.until(FluentWait.java:228)
at registerTesting.RegisterTestCase.verifyAccountCreation(RegisterTestCase.java:119)
at java.base/jdk.internal.reflect.DirectMethodHandleAccessor.invoke(DirectMethodHandleAccessor.java:104)
at java.base/java.lang.reflect.Method.invoke(Method.java:578)
at org.testng.internal.invokers.MethodInvocationHelper.invokeMethod(MethodInvocationHelper.java:139)
at org.testng.internal.invokers.TestInvoker.invokeMethod(TestInvoker.java:664)
at org.testng.internal.invokers.TestInvoker.invokeTestMethod(TestInvoker.java:228)
at org.testng.internal.invokers.MethodRunner.runInSequence(MethodRunner.java:63)
at org.testng.internal.invokers.TestInvoker$MethodInvocationAgent.invoke(TestInvoker.java:961)
at org.testng.internal.invokers.TestInvoker.invokeTestMethods(TestInvoker.java:201)
at org.testng.internal.invokers.TestMethodWorker.invokeTestMethods(TestMethodWorker.java:148)
at org.testng.internal.invokers.TestMethodWorker.run(TestMethodWorker.java:128)
at java.base/java.util.ArrayList.forEach(ArrayList.java:1511)
at org.testng.TestRunner.privateRun(TestRunner.java:819)
at org.testng.TestRunner.run(TestRunner.java:619)
at org.testng.SuiteRunner.runTest(SuiteRunner.java:443)
at org.testng.SuiteRunner.runSequentially(SuiteRunner.java:437)
at org.testng.SuiteRunner.privateRun(SuiteRunner.java:397)
at org.testng.SuiteRunner.run(SuiteRunner.java:336)
at org.testng.SuiteRunnerWorker.runSuite(SuiteRunnerWorker.java:52)
at org.testng.SuiteRunnerWorker.run(SuiteRunnerWorker.java:95)
at org.testng.TestNG.runSuitesSequentially(TestNG.java:1301)
at org.testng.TestNG.runSuitesLocally(TestNG.java:1228)
at org.testng.TestNG.runSuites(TestNG.java:1134)
at org.testng.TestNG.run(TestNG.java:1101)
at org.testng.remote.AbstractRemoteTestNG.run(AbstractRemoteTestNG.java:115)
at org.testng.remote.RemoteTestNG.initAndRun(RemoteTestNG.java:251)
at org.testng.remote.RemoteTestNG.main(RemoteTestNG.java:77)
]]>
            </full-stacktrace>
          </exception> <!-- org.openqa.selenium.TimeoutException -->
          <reporter-output>
          </reporter-output>
        </test-method> <!-- verifyAccountCreation -->
        <test-method is-config="true" signature="closeBrowser()[pri:0, instance:registerTesting.RegisterTestCase@2d3379b4]" started-at="2024-02-20T11:16:20 WEST" name="closeBrowser" finished-at="2024-02-20T11:16:20 WEST" duration-ms="0" status="PASS">
          <reporter-output>
          </reporter-output>
        </test-method> <!-- closeBrowser -->
      </class> <!-- registerTesting.RegisterTestCase -->
    </test> <!-- Default test -->
  </suite> <!-- Default suite -->
</testng-results>
